info: 2025-02-04 12:46:22 PM [data: "Iniciando servidor "] [message: Iniciando servidor ] 
info: 2025-02-04 12:46:51 PM [data: "Iniciando servidor "] [message: Iniciando servidor ] 
info: 2025-02-04 12:55:52 PM [data: "Iniciando servidor "] [message: Iniciando servidor ] 
info: 2025-02-04 12:56:38 PM [data: "Iniciando servidor "] [message: Iniciando servidor ] 
info: 2025-02-04 12:57:10 PM [data: "Iniciando servidor "] [message: Iniciando servidor ] 
info: 2025-02-04 12:57:21 PM [data: "Iniciando servidor "] [message: Iniciando servidor ] 
info: 2025-02-04 12:57:31 PM [data: "Iniciando servidor "] [message: Iniciando servidor ] 
info: 2025-02-04 1:01:54 PM [data: "Iniciando servidor "] [message: Iniciando servidor ] 
error: 2025-02-04 1:03:01 PM (POST /api/product) [path: /api/product] [request: {"name":"prodcuto1","description":"stringstri","price":20,"stock":10,"is_active":true}] [message: No se proporcionó token de autenticación] 
info: 2025-02-04 1:08:39 PM [data: "Iniciando servidor "] [message: Iniciando servidor ] 
error: 2025-02-04 1:08:39 PM (POST /api/auth/register) [path: /api/auth/register] [request: {"username":"user123","email":"user@example.com","password":"password123","address":"123 Main St, City","role":2}] [message: User email already exists] 
info: 2025-02-04 1:13:07 PM [data: "Iniciando servidor "] [message: Iniciando servidor ] 
info: 2025-02-04 1:22:07 PM [data: "Iniciando servidor "] [message: Iniciando servidor ] 
error: 2025-02-04 1:22:29 PM (POST /api/order) [path: /api/order] [request: {"user_id":"78bc49e0-76bb-44c4-968c-e2dd419fb50b","address":"direccion de mi casa","order_type":"pickup","products":[{"product_id":"8a1d7ec6-0b27-45a0-976a-afab7bbbf569","quantity":88}]}] [message: Product with ID 8a1d7ec6-0b27-45a0-976a-afab7bbbf569 has insufficient stock (Available: 10, Requested: 88)] 
info: 2025-02-04 1:23:56 PM [data: "Iniciando servidor "] [message: Iniciando servidor ] 
info: 2025-02-04 1:28:36 PM [data: "Iniciando servidor "] [message: Iniciando servidor ] 
info: 2025-02-04 1:28:54 PM [data: "Iniciando servidor "] [message: Iniciando servidor ] 
info: 2025-02-04 1:29:42 PM [data: "Iniciando servidor "] [message: Iniciando servidor ] 
info: 2025-02-04 1:29:45 PM [data: "Iniciando servidor "] [message: Iniciando servidor ] 
error: 2025-02-04 1:30:07 PM (GET /api/order?skip=0&take=10) [path: /api/order] [request: {}] [message: Error no controlado: TypeError: Cannot read properties of undefined (reading 'mapToDomainOrderType')] 
info: 2025-02-04 1:30:23 PM [data: "Iniciando servidor "] [message: Iniciando servidor ] 
error: 2025-02-04 1:30:25 PM (GET /api/order?skip=0&take=10) [path: /api/order] [request: {}] [message: Error no controlado: TypeError: Cannot read properties of undefined (reading 'mapToDomainOrderType')] 
info: 2025-02-04 1:35:12 PM [data: "Iniciando servidor "] [message: Iniciando servidor ] 
info: 2025-02-04 1:36:39 PM [data: "Iniciando servidor "] [message: Iniciando servidor ] 
info: 2025-02-04 1:41:31 PM [data: "Iniciando servidor "] [message: Iniciando servidor ] 
info: 2025-02-04 1:42:00 PM [data: "Iniciando servidor "] [message: Iniciando servidor ] 
error: 2025-02-04 1:44:09 PM (PUT /api/order/bd387079-6791-441b-9cd0-bea873a48ae2) [path: /api/order/bd387079-6791-441b-9cd0-bea873a48ae2] [request: {"address":"cambiando la dir de la orden ","order_state":"EN_PROCESO"}] [message: Order is already cancelled] 
info: 2025-02-04 1:44:34 PM [data: "Iniciando servidor "] [message: Iniciando servidor ] 
info: 2025-02-04 1:44:48 PM [data: "Iniciando servidor "] [message: Iniciando servidor ] 
info: 2025-02-04 1:45:09 PM [data: "Iniciando servidor "] [message: Iniciando servidor ] 
info: 2025-02-04 1:45:19 PM [data: "Iniciando servidor "] [message: Iniciando servidor ] 
info: 2025-02-04 1:46:10 PM [data: "Iniciando servidor "] [message: Iniciando servidor ] 
info: 2025-02-04 1:48:38 PM [data: "Iniciando servidor "] [message: Iniciando servidor ] 
info: 2025-02-04 1:50:05 PM [data: "Iniciando servidor "] [message: Iniciando servidor ] 
info: 2025-02-04 1:50:10 PM [data: "Iniciando servidor "] [message: Iniciando servidor ] 
info: 2025-02-04 1:50:20 PM [data: "Iniciando servidor "] [message: Iniciando servidor ] 
info: 2025-02-04 1:50:31 PM [data: "Iniciando servidor "] [message: Iniciando servidor ] 
info: 2025-02-04 1:51:41 PM [data: "Iniciando servidor "] [message: Iniciando servidor ] 
info: 2025-02-04 1:52:02 PM [data: "Iniciando servidor "] [message: Iniciando servidor ] 
info: 2025-02-04 1:52:37 PM [data: "Iniciando servidor "] [message: Iniciando servidor ] 
info: 2025-02-04 1:53:02 PM [data: "Iniciando servidor "] [message: Iniciando servidor ] 
info: 2025-02-04 2:06:55 PM [data: "Iniciando servidor "] [message: Iniciando servidor ] 
info: 2025-02-04 3:57:58 PM [data: "Iniciando servidor "] [message: Iniciando servidor ] 
info: 2025-02-04 4:29:53 PM [data: "🌱 Seeding database..."] [message: 🌱 Seeding database...] 
info: 2025-02-04 4:29:53 PM [data: "Created Products: Laptop Gaming, Mouse Inalambrico"] [message: Created Products: Laptop Gaming, Mouse Inalambrico] 
info: 2025-02-04 4:29:53 PM [data: "Created Order ID: 5a83620b-5810-45dc-817b-8036a69dbc77"] [message: Created Order ID: 5a83620b-5810-45dc-817b-8036a69dbc77] 
info: 2025-02-04 4:29:53 PM [data: "🌱 Seeding complete!"] [message: 🌱 Seeding complete!] 
