error: 2025-01-31 10:12:43 AM [reqId: req-1] [message: Error no controlado: TypeError: The value of '#' does not match schema definition.] 
error: 2025-01-31 10:13:22 AM [reqId: req-1] [message: Error no controlado: TypeError: The value of '#' does not match schema definition.] 
info: 2025-01-31 4:45:27 PM [data: "Iniciando servidor "] [message: Iniciando servidor ] 
info: 2025-01-31 4:46:41 PM [data: "Iniciando servidor "] [message: Iniciando servidor ] 
info: 2025-01-31 4:47:20 PM [data: "Iniciando servidor "] [message: Iniciando servidor ] 
info: 2025-01-31 4:48:06 PM [data: "Iniciando servidor "] [message: Iniciando servidor ] 
info: 2025-01-31 4:48:08 PM [data: "Iniciando servidor "] [message: Iniciando servidor ] 
info: 2025-01-31 4:48:20 PM [data: "Iniciando servidor "] [message: Iniciando servidor ] 
info: 2025-01-31 4:49:54 PM [data: "Iniciando servidor "] [message: Iniciando servidor ] 
info: 2025-01-31 4:52:43 PM [data: "Iniciando servidor "] [message: Iniciando servidor ] 
info: 2025-01-31 4:54:05 PM [data: "Iniciando servidor "] [message: Iniciando servidor ] 
info: 2025-01-31 4:55:49 PM [data: "Iniciando servidor "] [message: Iniciando servidor ] 
info: 2025-01-31 4:55:50 PM [data: "Iniciando servidor "] [message: Iniciando servidor ] 
info: 2025-01-31 4:56:04 PM [data: "Iniciando servidor "] [message: Iniciando servidor ] 
info: 2025-01-31 4:56:37 PM [data: "Iniciando servidor "] [message: Iniciando servidor ] 
info: 2025-01-31 4:59:20 PM [data: "Iniciando servidor "] [message: Iniciando servidor ] 
info: 2025-01-31 5:00:09 PM [data: "Iniciando servidor "] [message: Iniciando servidor ] 
info: 2025-01-31 5:00:13 PM [data: "Iniciando servidor "] [message: Iniciando servidor ] 
info: 2025-01-31 5:00:16 PM [data: "Iniciando servidor "] [message: Iniciando servidor ] 
info: 2025-01-31 5:00:31 PM [data: "Iniciando servidor "] [message: Iniciando servidor ] 
info: 2025-01-31 5:04:38 PM [data: "Iniciando servidor "] [message: Iniciando servidor ] 
info: 2025-01-31 5:04:46 PM [data: "Iniciando servidor "] [message: Iniciando servidor ] 
info: 2025-01-31 5:07:46 PM [data: "Iniciando servidor "] [message: Iniciando servidor ] 
info: 2025-01-31 5:21:10 PM [data: "Iniciando servidor "] [message: Iniciando servidor ] 
info: 2025-01-31 5:23:00 PM [data: "Iniciando servidor "] [message: Iniciando servidor ] 
info: 2025-01-31 5:23:02 PM [data: "Iniciando servidor "] [message: Iniciando servidor ] 
info: 2025-01-31 5:23:07 PM [data: "Iniciando servidor "] [message: Iniciando servidor ] 
info: 2025-01-31 5:23:18 PM [data: "Iniciando servidor "] [message: Iniciando servidor ] 
info: 2025-01-31 5:23:44 PM [data: "Iniciando servidor "] [message: Iniciando servidor ] 
info: 2025-01-31 5:23:56 PM [data: "Iniciando servidor "] [message: Iniciando servidor ] 
info: 2025-01-31 5:24:30 PM [data: "Iniciando servidor "] [message: Iniciando servidor ] 
info: 2025-01-31 5:24:31 PM [data: "Iniciando servidor "] [message: Iniciando servidor ] 
info: 2025-01-31 5:25:08 PM [data: "Iniciando servidor "] [message: Iniciando servidor ] 
info: 2025-01-31 5:25:38 PM [data: "Iniciando servidor "] [message: Iniciando servidor ] 
info: 2025-01-31 5:27:07 PM [data: "Iniciando servidor "] [message: Iniciando servidor ] 
info: 2025-01-31 5:28:12 PM [data: "Iniciando servidor "] [message: Iniciando servidor ] 
info: 2025-01-31 5:28:13 PM [data: "Iniciando servidor "] [message: Iniciando servidor ] 
info: 2025-01-31 5:28:16 PM [data: "Iniciando servidor "] [message: Iniciando servidor ] 
info: 2025-01-31 5:28:19 PM [data: "Iniciando servidor "] [message: Iniciando servidor ] 
info: 2025-01-31 5:28:30 PM [data: "Iniciando servidor "] [message: Iniciando servidor ] 
error: 2025-01-31 5:28:33 PM (POST /api/auth/register) [path: /api/auth/register] [request: {"username":"holadd","address":"direccion","email":"agamdddboacsj@gmail.com","password":"pass123","role":2}] [message: Error no controlado: ConflictError: User email already exists] 
info: 2025-01-31 5:28:55 PM [data: "Iniciando servidor "] [message: Iniciando servidor ] 
error: 2025-01-31 5:28:57 PM (POST /api/auth/register) [path: /api/auth/register] [request: {"username":"holadd","address":"direccion","email":"agamdddboacsj@gmail.com","password":"pass123","role":2}] [message: Error no controlado: ConflictError: User email already exists] 
info: 2025-01-31 5:30:42 PM [data: "Iniciando servidor "] [message: Iniciando servidor ] 
info: 2025-01-31 5:33:46 PM [data: "Iniciando servidor "] [message: Iniciando servidor ] 
info: 2025-01-31 5:35:34 PM [data: "Iniciando servidor "] [message: Iniciando servidor ] 
info: 2025-01-31 5:36:15 PM [data: "Iniciando servidor "] [message: Iniciando servidor ] 
info: 2025-01-31 5:37:08 PM [data: "Iniciando servidor "] [message: Iniciando servidor ] 
info: 2025-01-31 5:37:10 PM [data: "Iniciando servidor "] [message: Iniciando servidor ] 
info: 2025-01-31 5:37:22 PM [data: "Iniciando servidor "] [message: Iniciando servidor ] 
error: 2025-01-31 5:38:25 PM (POST /api/auth/register) [path: /api/auth/register] [request: {"username":"holadd","address":"direccion","email":"agamdddboacsj@gmail.com","password":"pass123","role":2}] [message: Error no controlado: ConflictError: User email already exists] 
error: 2025-01-31 5:38:35 PM (POST /api/auth/register) [path: /api/auth/register] [request: {"username":"holadd","address":"direccion","email":"agamdddboacsj@gmail.com","password":"pass123","role":2}] [message: Error no controlado: ConflictError: User email already exists] 
info: 2025-01-31 5:39:07 PM [data: "Iniciando servidor "] [message: Iniciando servidor ] 
error: 2025-01-31 5:39:10 PM (POST /api/auth/register) [path: /api/auth/register] [request: {"username":"holadd","address":"direccion","email":"agamdddboacsj@gmail.com","password":"pass123","role":2}] [message: Error no controlado: ConflictError: User email already exists] 
info: 2025-01-31 5:39:47 PM [data: "Iniciando servidor "] [message: Iniciando servidor ] 
info: 2025-01-31 5:39:49 PM [data: "Iniciando servidor "] [message: Iniciando servidor ] 
info: 2025-01-31 5:40:13 PM [data: "Iniciando servidor "] [message: Iniciando servidor ] 
info: 2025-01-31 5:40:43 PM [data: "Iniciando servidor "] [message: Iniciando servidor ] 
info: 2025-01-31 5:41:48 PM [data: "Iniciando servidor "] [message: Iniciando servidor ] 
error: 2025-01-31 5:41:58 PM (POST /api/auth/register) [path: /api/auth/register] [request: {"username":"holadd","address":"direccion","email":"agamdddboacsj@gmail.com","password":"pass123","role":2}] [message: User email already exists] 
error: 2025-01-31 5:43:08 PM (POST /api/auth/login) [path: /api/auth/login] [request: {}] [message: Error no controlado: SyntaxError: Expected double-quoted property name in JSON at position 32] 
info: 2025-01-31 5:43:28 PM [data: "Iniciando servidor "] [message: Iniciando servidor ] 
